#
# A fatal error has been detected by the Java Runtime Environment:
#
#  EXCEPTION_ACCESS_VIOLATION (0xc0000005) at pc=0x0000000071e4df02, pid=8552, tid=0x0000000000002dc8
#
# JRE version: Java(TM) SE Runtime Environment (8.0_102-b14) (build 1.8.0_102-b14)
# Java VM: Java HotSpot(TM) 64-Bit Server VM (25.102-b14 mixed mode windows-amd64 compressed oops)
# Problematic frame:
# V  [jvm.dll+0x15df02]
#
# Failed to write core dump. Minidumps are not enabled by default on client versions of Windows
#
# If you would like to submit a bug report, please visit:
#   http://bugreport.java.com/bugreport/crash.jsp
#

---------------  T H R E A D  ---------------

Current thread (0x00000000013be000):  JavaThread "main" [_thread_in_vm, id=11720, stack(0x0000000002fc0000,0x00000000030c0000)]

siginfo: ExceptionCode=0xc0000005, reading address 0x0000000000000000

Registers:
RAX=0x000000000366bf40, RBX=0x000000000366bd70, RCX=0x000000000366bf42, RDX=0x0000000000000000
RSP=0x00000000030bf570, RBP=0x000000006b64605e, RSI=0x0000000000000000, RDI=0x000000000366bf40
R8 =0x0000000000000003, R9 =0x0000000067fda11a, R10=0x000000000366bf40, R11=0x0000000000009b68
R12=0x000000006b64605a, R13=0x0000000000000000, R14=0x00000000030bf780, R15=0x00000000013be000
RIP=0x0000000071e4df02, EFLAGS=0x0000000000010202

Top of Stack: (sp=0x00000000030bf570)
0x00000000030bf570:   000000000366bd70 0000000000000000
0x00000000030bf580:   00000000013be000 000000006b6462fa
0x00000000030bf590:   000000006b64605a 0000000071f6b305
0x00000000030bf5a0:   0000000000009b68 00000000013be000
0x00000000030bf5b0:   000000001a1b41f0 0000000000000000
0x00000000030bf5c0:   000000006b64605a 0000000071e4e157
0x00000000030bf5d0:   00000000013be000 000000002124a6c2
0x00000000030bf5e0:   0000000000000000 000000006b64605e
0x00000000030bf5f0:   00000000013be000 0000000000000000
0x00000000030bf600:   00000000013be000 00000000013be850
0x00000000030bf610:   00000000000000c7 00000000722d8350
0x00000000030bf620:   000000000372835d 000000006b64460e
0x00000000030bf630:   000000001a1b41f0 00000000030bf650
0x00000000030bf640:   0000000000000002 00000000030bf650
0x00000000030bf650:   00000000030bf6d0 000000006b641f3a
0x00000000030bf660:   00000000013be1f8 0000000000000000 

Instructions: (pc=0x0000000071e4df02)
0x0000000071e4dee2:   8d 51 ff 49 8b cc e8 f3 87 f1 ff 48 8b f8 48 85
0x0000000071e4def2:   db 0f 84 27 01 00 00 48 85 c0 0f 84 1e 01 00 00
0x0000000071e4df02:   48 8b 0e e8 e6 a4 f0 ff 84 c0 74 33 4c 8b 0d 83
0x0000000071e4df12:   4e 69 00 48 8b 8c 24 80 00 00 00 48 8d 15 5c 6b 


Register to memory mapping:

RAX=0x000000000366bf40 is an unknown value
RBX=0x000000000366bd70 is an unknown value
RCX=0x000000000366bf42 is an unknown value
RDX=0x0000000000000000 is an unknown value
RSP=0x00000000030bf570 is pointing into the stack for thread: 0x00000000013be000
RBP=0x000000006b64605e is an unknown value
RSI=0x0000000000000000 is an unknown value
RDI=0x000000000366bf40 is an unknown value
R8 =0x0000000000000003 is an unknown value
R9 =0x0000000067fda11a is an unknown value
R10=0x000000000366bf40 is an unknown value
R11=0x0000000000009b68 is an unknown value
R12=0x000000006b64605a is an unknown value
R13=0x0000000000000000 is an unknown value
R14=0x00000000030bf780 is pointing into the stack for thread: 0x00000000013be000
R15=0x00000000013be000 is a thread


Stack: [0x0000000002fc0000,0x00000000030c0000],  sp=0x00000000030bf570,  free space=1021k
Native frames: (J=compiled Java code, j=interpreted, Vv=VM code, C=native code)
V  [jvm.dll+0x15df02]
V  [jvm.dll+0x15e157]
C  [libMyNativeJava.dll+0x460e]
C  [libMyNativeJava.dll+0x1f3a]
C  0x0000000003737f54

Java frames: (J=compiled Java code, j=interpreted, Vv=VM code)
j  com.ft.mynative.MyNativeJava.wrapIntArray([Ljava/lang/Integer;)[Ljava/lang/Boolean;+0
j  com.ft.mynative.MyNativeJava.main([Ljava/lang/String;)V+339
v  ~StubRoutines::call_stub

---------------  P R O C E S S  ---------------

Java Threads: ( => current thread )
  0x000000001bb8b800 JavaThread "Service Thread" daemon [_thread_blocked, id=2040, stack(0x000000001c4d0000,0x000000001c5d0000)]
  0x000000001bb77800 JavaThread "C1 CompilerThread2" daemon [_thread_blocked, id=3884, stack(0x000000001c3d0000,0x000000001c4d0000)]
  0x000000001bb14800 JavaThread "C2 CompilerThread1" daemon [_thread_blocked, id=9368, stack(0x000000001c2d0000,0x000000001c3d0000)]
  0x000000001bb12000 JavaThread "C2 CompilerThread0" daemon [_thread_blocked, id=15724, stack(0x000000001c1d0000,0x000000001c2d0000)]
  0x000000001bb17000 JavaThread "Monitor Ctrl-Break" daemon [_thread_in_native, id=17168, stack(0x000000001c0d0000,0x000000001c1d0000)]
  0x000000001a760800 JavaThread "Attach Listener" daemon [_thread_blocked, id=17140, stack(0x000000001bfd0000,0x000000001c0d0000)]
  0x000000001bae0800 JavaThread "Signal Dispatcher" daemon [_thread_blocked, id=15932, stack(0x000000001bed0000,0x000000001bfd0000)]
  0x0000000003718800 JavaThread "Finalizer" daemon [_thread_blocked, id=7752, stack(0x000000001b9d0000,0x000000001bad0000)]
  0x0000000003713000 JavaThread "Reference Handler" daemon [_thread_blocked, id=16548, stack(0x000000001b8d0000,0x000000001b9d0000)]
=>0x00000000013be000 JavaThread "main" [_thread_in_vm, id=11720, stack(0x0000000002fc0000,0x00000000030c0000)]

Other Threads:
  0x000000001a716800 VMThread [stack: 0x000000001b7d0000,0x000000001b8d0000] [id=14732]
  0x000000001bc04000 WatcherThread [stack: 0x000000001c5d0000,0x000000001c6d0000] [id=2932]

VM state:not at safepoint (normal execution)

VM Mutex/Monitor currently owned by a thread: None

Heap:
 PSYoungGen      total 56832K, used 3945K [0x0000000780b80000, 0x0000000784a80000, 0x00000007c0000000)
  eden space 49152K, 8% used [0x0000000780b80000,0x0000000780f5a618,0x0000000783b80000)
  from space 7680K, 0% used [0x0000000784300000,0x0000000784300000,0x0000000784a80000)
  to   space 7680K, 0% used [0x0000000783b80000,0x0000000783b80000,0x0000000784300000)
 ParOldGen       total 130048K, used 0K [0x0000000702200000, 0x000000070a100000, 0x0000000780b80000)
  object space 130048K, 0% used [0x0000000702200000,0x0000000702200000,0x000000070a100000)
 Metaspace       used 3289K, capacity 4564K, committed 4864K, reserved 1056768K
  class space    used 360K, capacity 388K, committed 512K, reserved 1048576K

Card table byte_map: [0x0000000012ae0000,0x00000000130d0000] byte_map_base: 0x000000000f2cf000

Marking Bits: (ParMarkBitMap*) 0x000000007250a6c0
 Begin Bits: [0x00000000138d0000, 0x0000000016848000)
 End Bits:   [0x0000000016848000, 0x00000000197c0000)

Polling page: 0x0000000000ff0000

CodeCache: size=245760Kb used=1146Kb max_used=1157Kb free=244614Kb
 bounds [0x0000000003720000, 0x0000000003990000, 0x0000000012720000]
 total_blobs=304 nmethods=45 adapters=172
 compilation: enabled

Compilation events (10 events):
Event: 0.454 Thread 0x000000001bb77800   41       3       java.lang.String::startsWith (7 bytes)
Event: 0.454 Thread 0x000000001bb77800 nmethod 41 0x000000000383d410 code [0x000000000383d580, 0x000000000383d788]
Event: 0.454 Thread 0x000000001bb77800   42       3       java.lang.String::toCharArray (25 bytes)
Event: 0.454 Thread 0x000000001bb77800 nmethod 42 0x000000000383d810 code [0x000000000383d980, 0x000000000383dc08]
Event: 0.454 Thread 0x000000001bb77800   43       1       java.util.ArrayList::size (5 bytes)
Event: 0.454 Thread 0x000000001bb77800 nmethod 43 0x000000000383dcd0 code [0x000000000383de20, 0x000000000383df30]
Event: 0.454 Thread 0x000000001bb14800   44       4       java.lang.String::indexOf (70 bytes)
Event: 0.454 Thread 0x000000001bb77800   45       3       java.lang.String::substring (79 bytes)
Event: 0.455 Thread 0x000000001bb77800 nmethod 45 0x000000000383df90 code [0x000000000383e140, 0x000000000383e5f8]
Event: 0.457 Thread 0x000000001bb14800 nmethod 44 0x00000000038415d0 code [0x0000000003841720, 0x00000000038418b8]

GC Heap History (0 events):
No events

Deoptimization events (0 events):
No events

Internal exceptions (3 events):
Event: 0.047 Thread 0x00000000013be000 Exception <a 'java/lang/NoSuchMethodError': Method sun.misc.Unsafe.defineClass(Ljava/lang/String;[BII)Ljava/lang/Class; name or signature does not match> (0x0000000780b87c78) thrown at [C:\re\workspace\8-2-build-windows-amd64-cygwin\jdk8u102\7268\hotspot\s•?v2Œ4¨?
Event: 0.047 Thread 0x00000000013be000 Exception <a 'java/lang/NoSuchMethodError': Method sun.misc.Unsafe.prefetchRead(Ljava/lang/Object;J)V name or signature does not match> (0x0000000780b87f60) thrown at [C:\re\workspace\8-2-build-windows-amd64-cygwin\jdk8u102\7268\hotspot\src\share\vm\prims\}!gž|*Ý?
Event: 0.456 Thread 0x00000000013be000 Exception <a 'java/lang/NoClassDefFoundError': Ljava/lang/Integer> (0x0000000780cdffd8) thrown at [C:\re\workspace\8-2-build-windows-amd64-cygwin\jdk8u102\7268\hotspot\src\share\vm\classfile\systemDictionary.cpp, line 199]

Events (10 events):
Event: 0.336 loading class java/lang/ClassLoaderHelper
Event: 0.346 loading class java/lang/ClassLoaderHelper done
Event: 0.448 loading class java/lang/Character$CharacterCache
Event: 0.448 loading class java/lang/Character$CharacterCache done
Event: 0.449 loading class java/lang/Short$ShortCache
Event: 0.449 loading class java/lang/Short$ShortCache done
Event: 0.451 loading class java/lang/Byte$ByteCache
Event: 0.451 loading class java/lang/Byte$ByteCache done
Event: 0.454 loading class Ljava/lang/Integer
Event: 0.454 loading class Ljava/lang/Integer done


Dynamic libraries:
0x00007ff7ba140000 - 0x00007ff7ba177000 	D:\Java\jdk1.8\bin\java.exe
0x00007ffa4cfb0000 - 0x00007ffa4d191000 	C:\WINDOWS\SYSTEM32\ntdll.dll
0x00007ffa4cc00000 - 0x00007ffa4ccb2000 	C:\WINDOWS\System32\KERNEL32.DLL
0x00007ffa49cc0000 - 0x00007ffa49f33000 	C:\WINDOWS\System32\KERNELBASE.dll
0x00007ffa4aa10000 - 0x00007ffa4aab1000 	C:\WINDOWS\System32\ADVAPI32.dll
0x00007ffa4c620000 - 0x00007ffa4c6be000 	C:\WINDOWS\System32\msvcrt.dll
0x00007ffa4ceb0000 - 0x00007ffa4cf0b000 	C:\WINDOWS\System32\sechost.dll
0x00007ffa4a880000 - 0x00007ffa4a9a4000 	C:\WINDOWS\System32\RPCRT4.dll
0x00007ffa4cd20000 - 0x00007ffa4ceb0000 	C:\WINDOWS\System32\USER32.dll
0x00007ffa49f40000 - 0x00007ffa49f60000 	C:\WINDOWS\System32\win32u.dll
0x00007ffa4ccd0000 - 0x00007ffa4ccf8000 	C:\WINDOWS\System32\GDI32.dll
0x00007ffa4a2a0000 - 0x00007ffa4a432000 	C:\WINDOWS\System32\gdi32full.dll
0x00007ffa49f60000 - 0x00007ffa49fff000 	C:\WINDOWS\System32\msvcp_win.dll
0x00007ffa49380000 - 0x00007ffa4947a000 	C:\WINDOWS\System32\ucrtbase.dll
0x00007ffa42320000 - 0x00007ffa42589000 	C:\WINDOWS\WinSxS\amd64_microsoft.windows.common-controls_6595b64144ccf1df_6.0.17134.407_none_fb449d63306391e9\COMCTL32.dll
0x00007ffa4c2f0000 - 0x00007ffa4c612000 	C:\WINDOWS\System32\combase.dll
0x00007ffa49530000 - 0x00007ffa495aa000 	C:\WINDOWS\System32\bcryptPrimitives.dll
0x00007ffa4aac0000 - 0x00007ffa4aaed000 	C:\WINDOWS\System32\IMM32.DLL
0x0000000072590000 - 0x0000000072661000 	D:\Java\jdk1.8\jre\bin\msvcr100.dll
0x0000000071cf0000 - 0x000000007258a000 	D:\Java\jdk1.8\jre\bin\server\jvm.dll
0x00007ffa4c2e0000 - 0x00007ffa4c2e8000 	C:\WINDOWS\System32\PSAPI.DLL
0x00007ffa45e80000 - 0x00007ffa45e89000 	C:\WINDOWS\SYSTEM32\WSOCK32.dll
0x00007ffa40800000 - 0x00007ffa4080a000 	C:\WINDOWS\SYSTEM32\VERSION.dll
0x00007ffa43480000 - 0x00007ffa434a3000 	C:\WINDOWS\SYSTEM32\WINMM.dll
0x00007ffa4cf10000 - 0x00007ffa4cf7c000 	C:\WINDOWS\System32\WS2_32.dll
0x00007ffa42ff0000 - 0x00007ffa4301a000 	C:\WINDOWS\SYSTEM32\winmmbase.dll
0x00007ffa4a250000 - 0x00007ffa4a299000 	C:\WINDOWS\System32\cfgmgr32.dll
0x0000000071ce0000 - 0x0000000071cef000 	D:\Java\jdk1.8\jre\bin\verify.dll
0x0000000071cb0000 - 0x0000000071cd9000 	D:\Java\jdk1.8\jre\bin\java.dll
0x0000000071c60000 - 0x0000000071c83000 	D:\Java\jdk1.8\jre\bin\instrument.dll
0x0000000071c90000 - 0x0000000071ca6000 	D:\Java\jdk1.8\jre\bin\zip.dll
0x00007ffa4ad10000 - 0x00007ffa4c14f000 	C:\WINDOWS\System32\SHELL32.dll
0x00007ffa4a4a0000 - 0x00007ffa4a549000 	C:\WINDOWS\System32\shcore.dll
0x00007ffa495b0000 - 0x00007ffa49cbd000 	C:\WINDOWS\System32\windows.storage.dll
0x00007ffa4a9b0000 - 0x00007ffa4aa01000 	C:\WINDOWS\System32\shlwapi.dll
0x00007ffa49340000 - 0x00007ffa49351000 	C:\WINDOWS\System32\kernel.appcore.dll
0x00007ffa49320000 - 0x00007ffa4933f000 	C:\WINDOWS\System32\profapi.dll
0x00007ffa492d0000 - 0x00007ffa4931c000 	C:\WINDOWS\System32\powrprof.dll
0x00007ffa492c0000 - 0x00007ffa492ca000 	C:\WINDOWS\System32\FLTLIB.DLL
0x00007ffa385c0000 - 0x00007ffa385da000 	D:\JetBrains\ideaIU-2018.2.5\bin\breakgen64.dll
0x0000000071c40000 - 0x0000000071c5a000 	D:\Java\jdk1.8\jre\bin\net.dll
0x00007ffa48ac0000 - 0x00007ffa48b26000 	C:\WINDOWS\system32\mswsock.dll
0x000000006b640000 - 0x000000006b666000 	E:\idea\git\MyNativeJava\libMyNativeJava.dll
0x000000006fc40000 - 0x000000006fda3000 	D:\mingw-w64\x86_64-8.1.0-posix-seh-rt_v6-rev0\mingw64\bin\libstdc++-6.dll
0x0000000064940000 - 0x0000000064955000 	D:\mingw-w64\x86_64-8.1.0-posix-seh-rt_v6-rev0\mingw64\bin\libwinpthread-1.dll
0x0000000061440000 - 0x000000006145a000 	D:\mingw-w64\x86_64-8.1.0-posix-seh-rt_v6-rev0\mingw64\bin\libgcc_s_seh-1.dll
0x00007ffa44490000 - 0x00007ffa44659000 	C:\WINDOWS\SYSTEM32\dbghelp.dll

VM Arguments:
jvm_args: -javaagent:D:\JetBrains\ideaIU-2018.2.5\lib\idea_rt.jar=54086:D:\JetBrains\ideaIU-2018.2.5\bin -Dfile.encoding=UTF-8 
java_command: com.ft.mynative.MyNativeJava
java_class_path (initial): D:\Java\jdk1.8\jre\lib\charsets.jar;D:\Java\jdk1.8\jre\lib\deploy.jar;D:\Java\jdk1.8\jre\lib\ext\access-bridge-64.jar;D:\Java\jdk1.8\jre\lib\ext\cldrdata.jar;D:\Java\jdk1.8\jre\lib\ext\dnsns.jar;D:\Java\jdk1.8\jre\lib\ext\jaccess.jar;D:\Java\jdk1.8\jre\lib\ext\jfxrt.jar;D:\Java\jdk1.8\jre\lib\ext\localedata.jar;D:\Java\jdk1.8\jre\lib\ext\nashorn.jar;D:\Java\jdk1.8\jre\lib\ext\sunec.jar;D:\Java\jdk1.8\jre\lib\ext\sunjce_provider.jar;D:\Java\jdk1.8\jre\lib\ext\sunmscapi.jar;D:\Java\jdk1.8\jre\lib\ext\sunpkcs11.jar;D:\Java\jdk1.8\jre\lib\ext\zipfs.jar;D:\Java\jdk1.8\jre\lib\javaws.jar;D:\Java\jdk1.8\jre\lib\jce.jar;D:\Java\jdk1.8\jre\lib\jfr.jar;D:\Java\jdk1.8\jre\lib\jfxswt.jar;D:\Java\jdk1.8\jre\lib\jsse.jar;D:\Java\jdk1.8\jre\lib\management-agent.jar;D:\Java\jdk1.8\jre\lib\plugin.jar;D:\Java\jdk1.8\jre\lib\resources.jar;D:\Java\jdk1.8\jre\lib\rt.jar;E:\idea\git\MyNativeJava\target\classes;D:\JetBrains\ideaIU-2018.2.5\lib\idea_rt.jar
Launcher Type: SUN_STANDARD

Environment Variables:
JAVA_HOME=D:\Java\jdk1.8.0_191
CLASSPATH=.;D:\Java\jdk1.8.0_191\lib;D:\Java\jdk1.8.0_191\lib\dt.jar;D:\Java\jdk1.8.0_191\lib\tools.jar;D:\Java\java_ee_sdk-8\glassfish5\glassfish\lib\javaee.jar
PATH=C:\WINDOWS\system32;C:\WINDOWS;C:\WINDOWS\System32\Wbem;C:\WINDOWS\System32\WindowsPowerShell\v1.0\;D:\Java\jdk1.8.0_191\bin;D:\Java\jdk1.8.0_191\jre\bin;C:\Program Files\Microsoft SQL Server\130\Tools\Binn\;D:\git\cmd;D:\nodejs\;C:\WINDOWS\System32\OpenSSH\;D:\mingw-w64\x86_64-8.1.0-posix-seh-rt_v6-rev0\mingw64\bin;D:\cygwin\bin;D:\cygwin\sbin;D:\PuTTY\;D:\apache\maven\apache-maven-3.5.4\bin;D:\apache\maven\apache-maven-3.5.4\bin;d:\Microsoft\VSCode\bin;D:\Java\java_ee_sdk-8\glassfish5\glassfish\bin;C:\ProgramData\Oracle\Java\javapath;C:\Users\iWindow\AppData\Local\Microsoft\WindowsApps;C:\Users\iWindow\AppData\Roaming\npm;d:\Microsoft\VSCode\bin;d:\x86\CMake\bin;
USERNAME=iWindow
OS=Windows_NT
PROCESSOR_IDENTIFIER=Intel64 Family 6 Model 58 Stepping 9, GenuineIntel



---------------  S Y S T E M  ---------------

OS: Windows 10.0 , 64 bit Build 17134 (10.0.17134.1)

CPU:total 4 (2 cores per cpu, 2 threads per core) family 6 model 58 stepping 9, cmov, cx8, fxsr, mmx, sse, sse2, sse3, ssse3, sse4.1, sse4.2, popcnt, avx, clmul, erms, ht, tsc, tscinvbit, tscinv

Memory: 4k page, physical 12439768k(6190284k free), swap 13226200k(4690700k free)

vm_info: Java HotSpot(TM) 64-Bit Server VM (25.102-b14) for windows-amd64 JRE (1.8.0_102-b14), built on Jun 22 2016 13:15:21 by "java_re" with MS VC++ 10.0 (VS2010)

time: Sun Dec 02 16:51:31 2018
elapsed time: 0 seconds (0d 0h 0m 0s)

