#
# A fatal error has been detected by the Java Runtime Environment:
#
#  EXCEPTION_ACCESS_VIOLATION (0xc0000005) at pc=0x000000006194671b, pid=5556, tid=0x0000000000000500
#
# JRE version: Java(TM) SE Runtime Environment (8.0_192-b04) (build 1.8.0_192-ea-b04)
# Java VM: Java HotSpot(TM) 64-Bit Server VM (25.192-b04 mixed mode windows-amd64 compressed oops)
# Problematic frame:
# V  [jvm.dll+0x14671b]
#
# Failed to write core dump. Minidumps are not enabled by default on client versions of Windows
#
# If you would like to submit a bug report, please visit:
#   http://bugreport.java.com/bugreport/crash.jsp
#

---------------  T H R E A D  ---------------

Current thread (0x0000000002428000):  JavaThread "main" [_thread_in_vm, id=1280, stack(0x0000000002770000,0x0000000002870000)]

siginfo: ExceptionCode=0xc0000005, reading address 0x0000000000000228

Registers:
RAX=0x00000000576f0fd0, RBX=0x000000000014f340, RCX=0x0000000000000004, RDX=0x0000000000000004
RSP=0x000000000286ef30, RBP=0x000000000286f030, RSI=0x0000000000000220, RDI=0x0000000000000000
R8 =0x00000000576ebff0, R9 =0x0000000000000001, R10=0x0000000000000003, R11=0x0000000058e77b38
R12=0x000000000014f260, R13=0x0000000002428000, R14=0x0000000002428ba0, R15=0x000000000286f0f0
RIP=0x000000006194671b, EFLAGS=0x0000000000010293

Top of Stack: (sp=0x000000000286ef30)
0x000000000286ef30:   0000000002428000 0000000002428000
0x000000000286ef40:   000000000286f050 000000000014fb78
0x000000000286ef50:   0000000057164450 0000000061a143ad
0x000000000286ef60:   0000000000000002 0000000000000220
0x000000000286ef70:   0000000002428000 0000000002428f88
0x000000000286ef80:   000000000286f120 00000000000003d8
0x000000000286ef90:   0000000002428bb0 00000000024281f8
0x000000000286efa0:   000000000000002c 0000000000000000
0x000000000286efb0:   0000000057163b08 0000000061a1aec2
0x000000000286efc0:   000000000000002c 0000000000000100
0x000000000286efd0:   0000000000000013 0000000000000100
0x000000000286efe0:   000000000014d410 000000000014fb70
0x000000000286eff0:   000000000014d410 0000000057163b08
0x000000000286f000:   0000000057163b08 000000000286f0c0
0x000000000286f010:   0000000058e77b38 0000000061906c23
0x000000000286f020:   0000000016dc0828 0000000000000104 

Instructions: (pc=0x000000006194671b)
0x00000000619466fb:   08 48 8b cb e8 2c ff 30 00 48 63 0b 8d 41 01 89
0x000000006194670b:   03 48 8b 43 18 48 89 34 c8 eb 05 48 89 7c 24 40
0x000000006194671b:   48 8b 56 08 48 8d 4c 24 70 0f b7 42 24 48 8b 52
0x000000006194672b:   08 48 8b 54 c2 50 e8 aa d4 0e 00 4c 8d 1d 1b 00 


Register to memory mapping:

RAX=0x00000000576f0fd0 is an unknown value
RBX=0x000000000014f340 is an unknown value
RCX=0x0000000000000004 is an unknown value
RDX=0x0000000000000004 is an unknown value
RSP=0x000000000286ef30 is pointing into the stack for thread: 0x0000000002428000
RBP=0x000000000286f030 is pointing into the stack for thread: 0x0000000002428000
RSI=0x0000000000000220 is an unknown value
RDI=0x0000000000000000 is an unknown value
R8 =0x00000000576ebff0 is an unknown value
R9 =0x0000000000000001 is an unknown value
R10=0x0000000000000003 is an unknown value
R11=0x0000000058e77b38 is an unknown value
R12=0x000000000014f260 is an unknown value
R13=0x0000000002428000 is a thread
R14=0x0000000002428ba0 is an unknown value
R15=0x000000000286f0f0 is pointing into the stack for thread: 0x0000000002428000


Stack: [0x0000000002770000,0x0000000002870000],  sp=0x000000000286ef30,  free space=1019k
Native frames: (J=compiled Java code, j=interpreted, Vv=VM code, C=native code)
V  [jvm.dll+0x14671b]
V  [jvm.dll+0x14c378]
C  [libMyNativeJava.dll+0x52f6]
C  [libMyNativeJava.dll+0x2b4e]
C  0x0000000002888c27

Java frames: (J=compiled Java code, j=interpreted, Vv=VM code)
j  com.ft.mynative.MyNativeJava.testMethod()V+0
j  com.ft.mynative.MyNativeJava.main([Ljava/lang/String;)V+385
v  ~StubRoutines::call_stub

---------------  P R O C E S S  ---------------

Java Threads: ( => current thread )
  0x0000000058e2a000 JavaThread "Service Thread" daemon [_thread_blocked, id=2760, stack(0x0000000059710000,0x0000000059810000)]
  0x0000000058d83800 JavaThread "C1 CompilerThread2" daemon [_thread_blocked, id=6016, stack(0x0000000059880000,0x0000000059980000)]
  0x0000000058d82000 JavaThread "C2 CompilerThread1" daemon [_thread_blocked, id=2880, stack(0x00000000595e0000,0x00000000596e0000)]
  0x0000000058d81000 JavaThread "C2 CompilerThread0" daemon [_thread_blocked, id=6224, stack(0x00000000594e0000,0x00000000595e0000)]
  0x0000000058d68000 JavaThread "Monitor Ctrl-Break" daemon [_thread_in_native, id=11024, stack(0x0000000058830000,0x0000000058930000)]
  0x0000000058d0a800 JavaThread "Attach Listener" daemon [_thread_blocked, id=1028, stack(0x0000000059370000,0x0000000059470000)]
  0x0000000058d08800 JavaThread "Signal Dispatcher" daemon [_thread_blocked, id=4928, stack(0x00000000591e0000,0x00000000592e0000)]
  0x000000005773a800 JavaThread "Finalizer" daemon [_thread_blocked, id=9976, stack(0x0000000058c00000,0x0000000058d00000)]
  0x0000000057733800 JavaThread "Reference Handler" daemon [_thread_blocked, id=6904, stack(0x0000000058a00000,0x0000000058b00000)]
=>0x0000000002428000 JavaThread "main" [_thread_in_vm, id=1280, stack(0x0000000002770000,0x0000000002870000)]

Other Threads:
  0x00000000576eb800 VMThread [stack: 0x0000000058730000,0x0000000058830000] [id=3760]
  0x0000000058e32800 WatcherThread [stack: 0x0000000059b60000,0x0000000059c60000] [id=9276]

VM state:not at safepoint (normal execution)

VM Mutex/Monitor currently owned by a thread: None

heap address: 0x0000000081400000, size: 2028 MB, Compressed Oops mode: 32-bit
Narrow klass base: 0x0000000000000000, Narrow klass shift: 0
Compressed class space size: 1073741824 Address: 0x0000000016d60000

Heap:
 PSYoungGen      total 38400K, used 3331K [0x00000000d5c00000, 0x00000000d8680000, 0x0000000100000000)
  eden space 33280K, 10% used [0x00000000d5c00000,0x00000000d5f40e98,0x00000000d7c80000)
  from space 5120K, 0% used [0x00000000d8180000,0x00000000d8180000,0x00000000d8680000)
  to   space 5120K, 0% used [0x00000000d7c80000,0x00000000d7c80000,0x00000000d8180000)
 ParOldGen       total 87552K, used 0K [0x0000000081400000, 0x0000000086980000, 0x00000000d5c00000)
  object space 87552K, 0% used [0x0000000081400000,0x0000000081400000,0x0000000086980000)
 Metaspace       used 3457K, capacity 4564K, committed 4864K, reserved 1056768K
  class space    used 378K, capacity 388K, committed 512K, reserved 1048576K

Card table byte_map: [0x0000000011c30000,0x0000000012030000] byte_map_base: 0x0000000011826000

Marking Bits: (ParMarkBitMap*) 0x000000006201ebe0
 Begin Bits: [0x0000000012a00000, 0x00000000149b0000)
 End Bits:   [0x00000000149b0000, 0x0000000016960000)

Polling page: 0x0000000000130000

CodeCache: size=245760Kb used=1141Kb max_used=1141Kb free=244618Kb
 bounds [0x0000000002870000, 0x0000000002ae0000, 0x0000000011870000]
 total_blobs=300 nmethods=41 adapters=172
 compilation: enabled

Compilation events (10 events):
Event: 0.094 Thread 0x0000000058d83800 nmethod 34 0x000000000298b910 code [0x000000000298ba60, 0x000000000298bc90]
Event: 0.094 Thread 0x0000000058d83800   36       3       java.lang.Number::<init> (5 bytes)
Event: 0.094 Thread 0x0000000058d83800 nmethod 36 0x000000000298bd10 code [0x000000000298be60, 0x000000000298c010]
Event: 0.094 Thread 0x0000000058d83800   37       3       java.lang.Short::<init> (10 bytes)
Event: 0.094 Thread 0x0000000058d83800 nmethod 37 0x000000000298c0d0 code [0x000000000298c240, 0x000000000298c450]
Event: 0.094 Thread 0x0000000058d83800   38       3       java.lang.Byte::<init> (10 bytes)
Event: 0.094 Thread 0x0000000058d83800 nmethod 38 0x000000000298c510 code [0x000000000298c680, 0x000000000298c890]
Event: 0.095 Thread 0x0000000058d83800   39       1       java.nio.Buffer::position (5 bytes)
Event: 0.095 Thread 0x0000000058d83800 nmethod 39 0x000000000298c950 code [0x000000000298caa0, 0x000000000298cbb0]
Event: 0.095 Thread 0x0000000058d83800   40       3       java.lang.AbstractStringBuilder::append (50 bytes)

GC Heap History (0 events):
No events

Deoptimization events (0 events):
No events

Classes redefined (0 events):
No events

Internal exceptions (2 events):
Event: 0.022 Thread 0x0000000002428000 Exception <a 'java/lang/NoSuchMethodError': Method sun.misc.Unsafe.defineClass(Ljava/lang/String;[BII)Ljava/lang/Class; name or signature does not match> (0x00000000d5c07cb0) thrown at [C:\re\workspace\8-2-build-windows-amd64-cygwin\jdk8u192\11510.nc\hots
Event: 0.022 Thread 0x0000000002428000 Exception <a 'java/lang/NoSuchMethodError': Method sun.misc.Unsafe.prefetchRead(Ljava/lang/Object;J)V name or signature does not match> (0x00000000d5c07f98) thrown at [C:\re\workspace\8-2-build-windows-amd64-cygwin\jdk8u192\11510.nc\hotspot\src\share\vm\p

Events (10 events):
Event: 0.091 loading class java/lang/Void
Event: 0.091 loading class java/lang/Void done
Event: 0.091 loading class java/lang/ClassLoaderHelper
Event: 0.091 loading class java/lang/ClassLoaderHelper done
Event: 0.093 loading class java/lang/Character$CharacterCache
Event: 0.094 loading class java/lang/Character$CharacterCache done
Event: 0.094 loading class java/lang/Short$ShortCache
Event: 0.094 loading class java/lang/Short$ShortCache done
Event: 0.094 loading class java/lang/Byte$ByteCache
Event: 0.094 loading class java/lang/Byte$ByteCache done


Dynamic libraries:
0x000000013fa40000 - 0x000000013fa77000 	D:\java\jdk1.8.0_192\bin\java.exe
0x0000000077b10000 - 0x0000000077cba000 	C:\Windows\SYSTEM32\ntdll.dll
0x00000000778f0000 - 0x0000000077a0f000 	C:\Windows\system32\kernel32.dll
0x000007fefd820000 - 0x000007fefd88a000 	C:\Windows\system32\KERNELBASE.dll
0x000007feffba0000 - 0x000007feffc7b000 	C:\Windows\system32\ADVAPI32.dll
0x000007fefeba0000 - 0x000007fefec3f000 	C:\Windows\system32\msvcrt.dll
0x000007fefe980000 - 0x000007fefe99f000 	C:\Windows\SYSTEM32\sechost.dll
0x000007fefec40000 - 0x000007fefed6d000 	C:\Windows\system32\RPCRT4.dll
0x0000000077a10000 - 0x0000000077b0a000 	C:\Windows\system32\USER32.dll
0x000007fefdf90000 - 0x000007fefdff7000 	C:\Windows\system32\GDI32.dll
0x000007fefe1e0000 - 0x000007fefe1ee000 	C:\Windows\system32\LPK.dll
0x000007fefdec0000 - 0x000007fefdf8a000 	C:\Windows\system32\USP10.dll
0x000007fefc0d0000 - 0x000007fefc2c4000 	C:\Windows\WinSxS\amd64_microsoft.windows.common-controls_6595b64144ccf1df_6.0.7601.18837_none_fa3b1e3d17594757\COMCTL32.dll
0x000007fefde40000 - 0x000007fefdeb1000 	C:\Windows\system32\SHLWAPI.dll
0x000007feffd90000 - 0x000007feffdbe000 	C:\Windows\system32\IMM32.DLL
0x000007fefe520000 - 0x000007fefe629000 	C:\Windows\system32\MSCTF.dll
0x000000006c9e0000 - 0x000000006cab1000 	D:\java\jdk1.8.0_192\jre\bin\msvcr100.dll
0x0000000061800000 - 0x000000006209e000 	D:\java\jdk1.8.0_192\jre\bin\server\jvm.dll
0x000007feef790000 - 0x000007feef799000 	C:\Windows\system32\WSOCK32.dll
0x000007feffd40000 - 0x000007feffd8d000 	C:\Windows\system32\WS2_32.dll
0x000007fefdca0000 - 0x000007fefdca8000 	C:\Windows\system32\NSI.dll
0x000007fef9c90000 - 0x000007fef9ccb000 	C:\Windows\system32\WINMM.dll
0x000007fefc8e0000 - 0x000007fefc8ec000 	C:\Windows\system32\VERSION.dll
0x0000000077ce0000 - 0x0000000077ce7000 	C:\Windows\system32\PSAPI.DLL
0x000007fefb000000 - 0x000007fefb00f000 	D:\java\jdk1.8.0_192\jre\bin\verify.dll
0x000007fef6f60000 - 0x000007fef6f89000 	D:\java\jdk1.8.0_192\jre\bin\java.dll
0x000007fef6f30000 - 0x000007fef6f53000 	D:\java\jdk1.8.0_192\jre\bin\instrument.dll
0x000007fef5160000 - 0x000007fef5176000 	D:\java\jdk1.8.0_192\jre\bin\zip.dll
0x000007fefed70000 - 0x000007feffaf9000 	C:\Windows\system32\SHELL32.dll
0x000007fefe9a0000 - 0x000007fefeb9c000 	C:\Windows\system32\ole32.dll
0x000007fefd810000 - 0x000007fefd81f000 	C:\Windows\system32\profapi.dll
0x000007fef1600000 - 0x000007fef161a000 	D:\JetBrains\idea\ideaIU-2018.1.4.win\bin\breakgen64.dll
0x000007feef240000 - 0x000007feef25a000 	D:\java\jdk1.8.0_192\jre\bin\net.dll
0x000007fefcfd0000 - 0x000007fefd025000 	C:\Windows\system32\mswsock.dll
0x000007fefcfc0000 - 0x000007fefcfc7000 	C:\Windows\System32\wship6.dll
0x000000006b640000 - 0x000000006b669000 	E:\idea\git\MyNativeJava\libMyNativeJava.dll
0x000000006fc40000 - 0x000000006fda3000 	D:\mingw-w64\x86_64-8.1.0-posix-seh-rt_v6-rev0\mingw64\bin\libstdc++-6.dll
0x0000000061440000 - 0x000000006145a000 	D:\mingw-w64\x86_64-8.1.0-posix-seh-rt_v6-rev0\mingw64\bin\libgcc_s_seh-1.dll
0x0000000064940000 - 0x0000000064955000 	D:\mingw-w64\x86_64-8.1.0-posix-seh-rt_v6-rev0\mingw64\bin\libwinpthread-1.dll
0x000007fef60c0000 - 0x000007fef61e5000 	C:\Windows\system32\dbghelp.dll

VM Arguments:
jvm_args: -javaagent:D:\JetBrains\idea\ideaIU-2018.1.4.win\lib\idea_rt.jar=63261:D:\JetBrains\idea\ideaIU-2018.1.4.win\bin -Dfile.encoding=UTF-8 
java_command: com.ft.mynative.MyNativeJava
java_class_path (initial): D:\java\jdk1.8.0_192\jre\lib\charsets.jar;D:\java\jdk1.8.0_192\jre\lib\deploy.jar;D:\java\jdk1.8.0_192\jre\lib\ext\access-bridge-64.jar;D:\java\jdk1.8.0_192\jre\lib\ext\cldrdata.jar;D:\java\jdk1.8.0_192\jre\lib\ext\dnsns.jar;D:\java\jdk1.8.0_192\jre\lib\ext\jaccess.jar;D:\java\jdk1.8.0_192\jre\lib\ext\jfxrt.jar;D:\java\jdk1.8.0_192\jre\lib\ext\localedata.jar;D:\java\jdk1.8.0_192\jre\lib\ext\nashorn.jar;D:\java\jdk1.8.0_192\jre\lib\ext\sunec.jar;D:\java\jdk1.8.0_192\jre\lib\ext\sunjce_provider.jar;D:\java\jdk1.8.0_192\jre\lib\ext\sunmscapi.jar;D:\java\jdk1.8.0_192\jre\lib\ext\sunpkcs11.jar;D:\java\jdk1.8.0_192\jre\lib\ext\zipfs.jar;D:\java\jdk1.8.0_192\jre\lib\javaws.jar;D:\java\jdk1.8.0_192\jre\lib\jce.jar;D:\java\jdk1.8.0_192\jre\lib\jfxswt.jar;D:\java\jdk1.8.0_192\jre\lib\jsse.jar;D:\java\jdk1.8.0_192\jre\lib\management-agent.jar;D:\java\jdk1.8.0_192\jre\lib\plugin.jar;D:\java\jdk1.8.0_192\jre\lib\resources.jar;D:\java\jdk1.8.0_192\jre\lib\rt.jar;E:\idea\git\MyNativeJava\target\classes;C:\Users\Administrator\.m2\repository\junit\junit\4.13-beta-1\junit-4.13-beta-1.jar;C:\Users\Administrator\.m2\repository\org\hamcrest\hamcrest-core\1.3\hamcrest-core-1.3.jar;D:\JetBrains\idea\ideaIU-2018.1.4.win\lib\idea_rt.jar
Launcher Type: SUN_STANDARD

Environment Variables:
JAVA_HOME=d:\Java\jdk1.8.0_192
CLASSPATH=.;d:\Java\jdk1.8.0_192/lib/dt.jar;d:\Java\jdk1.8.0_192/lib/tools.jar;
PATH=C:\Windows\system32;C:\Windows;C:\Windows\System32\Wbem;C:\Windows\System32\WindowsPowerShell\v1.0\;d:\Java\jdk1.8.0_192/bin;d:\Java\jdk1.8.0_192/jre/bin;C:\Program Files\VisualSVN Server\bin;C:\Program Files\TortoiseSVN\bin;C:\Program Files\Microsoft SQL Server\130\Tools\Binn\;C:\Program Files\dotnet\;D:\TortoiseGit\bin;D:\mingw-w64\x86_64-8.1.0-posix-seh-rt_v6-rev0\mingw64\bin;D:\cmake\cmake-3.12.2-win64-x64\bin;D:\maven\apache-maven-3.5.4\bin;d:\git\cmd;C:\Python27\;C:\Python27\Scripts;d:\Microsoft\VSCode\bin;C:\Users\Administrator\AppData\Local\atom\bin
USERNAME=Administrator
OS=Windows_NT
PROCESSOR_IDENTIFIER=Intel64 Family 6 Model 60 Stepping 3, GenuineIntel



---------------  S Y S T E M  ---------------

OS: Windows 7 , 64 bit Build 7601 (6.1.7601.23796)

CPU:total 4 (initial active 4) (4 cores per cpu, 1 threads per core) family 6 model 60 stepping 3, cmov, cx8, fxsr, mmx, sse, sse2, sse3, ssse3, sse4.1, sse4.2, popcnt, avx, avx2, aes, clmul, erms, lzcnt, tsc, tscinvbit, bmi1, bmi2

Memory: 4k page, physical 8305116k(941768k free), swap 16608372k(5849128k free)

vm_info: Java HotSpot(TM) 64-Bit Server VM (25.192-b04) for windows-amd64 JRE (1.8.0_192-ea-b04), built on Aug  1 2018 20:11:41 by "java_re" with MS VC++ 10.0 (VS2010)

time: Mon Dec 03 11:09:03 2018
timezone: 中国标准时间
elapsed time: 0 seconds (0d 0h 0m 0s)

